# JRE version: OpenJDK Runtime Environment (15.0.1+9) (build 15.0.1+9)
# Java VM: OpenJDK 64-Bit Server VM (15.0.1+9, mixed mode, sharing, tiered, compressed oops, g1 gc, bsd-amd64)
GC Precious Log:
 CPUs: 4 total, 4 available
 Memory: 4096M
 Large Page Support: Disabled
 NUMA Support: Disabled
 Compressed Oops: Enabled (Zero based)
 Heap Region Size: 1M
 Heap Min Capacity: 8M
 Heap Initial Capacity: 64M
 Heap Max Capacity: 1G
 Pre-touch: Disabled
 Parallel Workers: 4
 Concurrent Workers: 1
 Concurrent Refinement Workers: 4
 Periodic GC: Disabled
Heap:
 garbage-first heap   total 34816K, used 15016K [0x00000007c0000000, 0x0000000800000000)
  region size 1024K, 9 young (9216K), 1 survivors (1024K)
 Metaspace       used 28111K, capacity 28390K, committed 28928K, reserved 1075200K
  class space    used 3473K, capacity 3576K, committed 3584K, reserved 1048576K
GC Heap History (10 events):
Event: 1.442 GC heap before
{Heap before GC invocations=0 (full 0):
 garbage-first heap   total 67584K, used 14120K [0x00000007c0000000, 0x0000000800000000)
  region size 1024K, 13 young (13312K), 0 survivors (0K)
 Metaspace       used 5332K, capacity 5626K, committed 5888K, reserved 1056768K
  class space    used 615K, capacity 684K, committed 768K, reserved 1048576K
}
Event: 1.472 GC heap after
{Heap after GC invocations=1 (full 0):
 garbage-first heap   total 67584K, used 3668K [0x00000007c0000000, 0x0000000800000000)
  region size 1024K, 2 young (2048K), 2 survivors (2048K)
 Metaspace       used 5332K, capacity 5626K, committed 5888K, reserved 1056768K
  class space    used 615K, capacity 684K, committed 768K, reserved 1048576K
}
Event: 4.627 GC heap before
{Heap before GC invocations=1 (full 0):
 garbage-first heap   total 67584K, used 23124K [0x00000007c0000000, 0x0000000800000000)
  region size 1024K, 19 young (19456K), 2 survivors (2048K)
 Metaspace       used 15379K, capacity 15585K, committed 16000K, reserved 1062912K
  class space    used 1798K, capacity 1883K, committed 1920K, reserved 1048576K
}
Event: 4.639 GC heap after
{Heap after GC invocations=2 (full 0):
 garbage-first heap   total 67584K, used 8580K [0x00000007c0000000, 0x0000000800000000)
  region size 1024K, 2 young (2048K), 2 survivors (2048K)
 Metaspace       used 15379K, capacity 15585K, committed 16000K, reserved 1062912K
  class space    used 1798K, capacity 1883K, committed 1920K, reserved 1048576K
}
Event: 7.913 GC heap before
{Heap before GC invocations=2 (full 0):
 garbage-first heap   total 67584K, used 42372K [0x00000007c0000000, 0x0000000800000000)
  region size 1024K, 36 young (36864K), 2 survivors (2048K)
 Metaspace       used 20709K, capacity 20864K, committed 21248K, reserved 1069056K
  class space    used 2422K, capacity 2481K, committed 2560K, reserved 1048576K
}
Event: 7.928 GC heap after
{Heap after GC invocations=3 (full 0):
 garbage-first heap   total 67584K, used 7024K [0x00000007c0000000, 0x0000000800000000)
  region size 1024K, 4 young (4096K), 4 survivors (4096K)
 Metaspace       used 20709K, capacity 20864K, committed 21248K, reserved 1069056K
  class space    used 2422K, capacity 2481K, committed 2560K, reserved 1048576K
}
Event: 8.322 GC heap before
{Heap before GC invocations=4 (full 0):
 garbage-first heap   total 34816K, used 23408K [0x00000007c0000000, 0x0000000800000000)
  region size 1024K, 20 young (20480K), 4 survivors (4096K)
 Metaspace       used 23156K, capacity 23375K, committed 23808K, reserved 1071104K
  class space    used 2729K, capacity 2804K, committed 2816K, reserved 1048576K
}
Event: 8.337 GC heap after
{Heap after GC invocations=5 (full 0):
 garbage-first heap   total 34816K, used 7907K [0x00000007c0000000, 0x0000000800000000)
  region size 1024K, 1 young (1024K), 1 survivors (1024K)
 Metaspace       used 23156K, capacity 23375K, committed 23808K, reserved 1071104K
  class space    used 2729K, capacity 2804K, committed 2816K, reserved 1048576K
}
Event: 8.656 GC heap before
{Heap before GC invocations=5 (full 0):
 garbage-first heap   total 34816K, used 21219K [0x00000007c0000000, 0x0000000800000000)
  region size 1024K, 15 young (15360K), 1 survivors (1024K)
 Metaspace       used 24840K, capacity 25071K, committed 25728K, reserved 1071104K
  class space    used 2982K, capacity 3092K, committed 3200K, reserved 1048576K
}
Event: 8.659 GC heap after
{Heap after GC invocations=6 (full 0):
 garbage-first heap   total 34816K, used 7848K [0x00000007c0000000, 0x0000000800000000)
  region size 1024K, 1 young (1024K), 1 survivors (1024K)
 Metaspace       used 24840K, capacity 25071K, committed 25728K, reserved 1071104K
  class space    used 2982K, capacity 3092K, committed 3200K, reserved 1048576K
}

